Analysis & Synthesis report for alu
Tue Oct 24 18:57:28 2017
Quartus Prime Version 17.0.0 Build 595 04/25/2017 SJ Lite Edition


---------------------
; Table of Contents ;
---------------------
  1. Legal Notice
  2. Analysis & Synthesis Summary
  3. Analysis & Synthesis Settings
  4. Parallel Compilation
  5. Analysis & Synthesis Source Files Read
  6. Analysis & Synthesis Resource Usage Summary
  7. Analysis & Synthesis Resource Utilization by Entity
  8. General Register Statistics
  9. Multiplexer Restructuring Statistics (Restructuring Performed)
 10. Parameter Settings for User Entity Instance: Top-level Entity: |alu
 11. Parameter Settings for User Entity Instance: scalable_rca:Addition
 12. Parameter Settings for User Entity Instance: scalable_rca:Subtract
 13. Port Connectivity Checks: "scalable_rca:Subtract"
 14. Post-Synthesis Netlist Statistics for Top Partition
 15. Elapsed Time Per Partition
 16. Analysis & Synthesis Messages



----------------
; Legal Notice ;
----------------
Copyright (C) 2017  Intel Corporation. All rights reserved.
Your use of Intel Corporation's design tools, logic functions 
and other software and tools, and its AMPP partner logic 
functions, and any output files from any of the foregoing 
(including device programming or simulation files), and any 
associated documentation or information are expressly subject 
to the terms and conditions of the Intel Program License 
Subscription Agreement, the Intel Quartus Prime License Agreement,
the Intel MegaCore Function License Agreement, or other 
applicable license agreement, including, without limitation, 
that your use is for the sole purpose of programming logic 
devices manufactured by Intel and sold by Intel or its 
authorized distributors.  Please refer to the applicable 
agreement for further details.



+----------------------------------------------------------------------------------+
; Analysis & Synthesis Summary                                                     ;
+------------------------------------+---------------------------------------------+
; Analysis & Synthesis Status        ; Successful - Tue Oct 24 18:57:28 2017       ;
; Quartus Prime Version              ; 17.0.0 Build 595 04/25/2017 SJ Lite Edition ;
; Revision Name                      ; alu                                         ;
; Top-level Entity Name              ; alu                                         ;
; Family                             ; Cyclone IV E                                ;
; Total logic elements               ; 69                                          ;
;     Total combinational functions  ; 69                                          ;
;     Dedicated logic registers      ; 0                                           ;
; Total registers                    ; 0                                           ;
; Total pins                         ; 75                                          ;
; Total virtual pins                 ; 0                                           ;
; Total memory bits                  ; 0                                           ;
; Embedded Multiplier 9-bit elements ; 0                                           ;
; Total PLLs                         ; 0                                           ;
+------------------------------------+---------------------------------------------+


+----------------------------------------------------------------------------------------------------------------------+
; Analysis & Synthesis Settings                                                                                        ;
+----------------------------------------------------------------------------+--------------------+--------------------+
; Option                                                                     ; Setting            ; Default Value      ;
+----------------------------------------------------------------------------+--------------------+--------------------+
; Device                                                                     ; EP4CE115F29C7      ;                    ;
; Top-level entity name                                                      ; alu                ; alu                ;
; Family name                                                                ; Cyclone IV E       ; Cyclone V          ;
; Use smart compilation                                                      ; Off                ; Off                ;
; Enable parallel Assembler and TimeQuest Timing Analyzer during compilation ; On                 ; On                 ;
; Enable compact report table                                                ; Off                ; Off                ;
; Restructure Multiplexers                                                   ; Auto               ; Auto               ;
; Create Debugging Nodes for IP Cores                                        ; Off                ; Off                ;
; Preserve fewer node names                                                  ; On                 ; On                 ;
; OpenCore Plus hardware evaluation                                          ; Enable             ; Enable             ;
; Verilog Version                                                            ; Verilog_2001       ; Verilog_2001       ;
; VHDL Version                                                               ; VHDL_1993          ; VHDL_1993          ;
; State Machine Processing                                                   ; Auto               ; Auto               ;
; Safe State Machine                                                         ; Off                ; Off                ;
; Extract Verilog State Machines                                             ; On                 ; On                 ;
; Extract VHDL State Machines                                                ; On                 ; On                 ;
; Ignore Verilog initial constructs                                          ; Off                ; Off                ;
; Iteration limit for constant Verilog loops                                 ; 5000               ; 5000               ;
; Iteration limit for non-constant Verilog loops                             ; 250                ; 250                ;
; Add Pass-Through Logic to Inferred RAMs                                    ; On                 ; On                 ;
; Infer RAMs from Raw Logic                                                  ; On                 ; On                 ;
; Parallel Synthesis                                                         ; On                 ; On                 ;
; DSP Block Balancing                                                        ; Auto               ; Auto               ;
; NOT Gate Push-Back                                                         ; On                 ; On                 ;
; Power-Up Don't Care                                                        ; On                 ; On                 ;
; Remove Redundant Logic Cells                                               ; Off                ; Off                ;
; Remove Duplicate Registers                                                 ; On                 ; On                 ;
; Ignore CARRY Buffers                                                       ; Off                ; Off                ;
; Ignore CASCADE Buffers                                                     ; Off                ; Off                ;
; Ignore GLOBAL Buffers                                                      ; Off                ; Off                ;
; Ignore ROW GLOBAL Buffers                                                  ; Off                ; Off                ;
; Ignore LCELL Buffers                                                       ; Off                ; Off                ;
; Ignore SOFT Buffers                                                        ; On                 ; On                 ;
; Limit AHDL Integers to 32 Bits                                             ; Off                ; Off                ;
; Optimization Technique                                                     ; Balanced           ; Balanced           ;
; Carry Chain Length                                                         ; 70                 ; 70                 ;
; Auto Carry Chains                                                          ; On                 ; On                 ;
; Auto Open-Drain Pins                                                       ; On                 ; On                 ;
; Perform WYSIWYG Primitive Resynthesis                                      ; Off                ; Off                ;
; Auto ROM Replacement                                                       ; On                 ; On                 ;
; Auto RAM Replacement                                                       ; On                 ; On                 ;
; Auto DSP Block Replacement                                                 ; On                 ; On                 ;
; Auto Shift Register Replacement                                            ; Auto               ; Auto               ;
; Allow Shift Register Merging across Hierarchies                            ; Auto               ; Auto               ;
; Auto Clock Enable Replacement                                              ; On                 ; On                 ;
; Strict RAM Replacement                                                     ; Off                ; Off                ;
; Allow Synchronous Control Signals                                          ; On                 ; On                 ;
; Force Use of Synchronous Clear Signals                                     ; Off                ; Off                ;
; Auto RAM Block Balancing                                                   ; On                 ; On                 ;
; Auto RAM to Logic Cell Conversion                                          ; Off                ; Off                ;
; Auto Resource Sharing                                                      ; Off                ; Off                ;
; Allow Any RAM Size For Recognition                                         ; Off                ; Off                ;
; Allow Any ROM Size For Recognition                                         ; Off                ; Off                ;
; Allow Any Shift Register Size For Recognition                              ; Off                ; Off                ;
; Use LogicLock Constraints during Resource Balancing                        ; On                 ; On                 ;
; Ignore translate_off and synthesis_off directives                          ; Off                ; Off                ;
; Timing-Driven Synthesis                                                    ; On                 ; On                 ;
; Report Parameter Settings                                                  ; On                 ; On                 ;
; Report Source Assignments                                                  ; On                 ; On                 ;
; Report Connectivity Checks                                                 ; On                 ; On                 ;
; Ignore Maximum Fan-Out Assignments                                         ; Off                ; Off                ;
; Synchronization Register Chain Length                                      ; 2                  ; 2                  ;
; PowerPlay Power Optimization During Synthesis                              ; Normal compilation ; Normal compilation ;
; HDL message level                                                          ; Level2             ; Level2             ;
; Suppress Register Optimization Related Messages                            ; Off                ; Off                ;
; Number of Removed Registers Reported in Synthesis Report                   ; 5000               ; 5000               ;
; Number of Swept Nodes Reported in Synthesis Report                         ; 5000               ; 5000               ;
; Number of Inverted Registers Reported in Synthesis Report                  ; 100                ; 100                ;
; Clock MUX Protection                                                       ; On                 ; On                 ;
; Auto Gated Clock Conversion                                                ; Off                ; Off                ;
; Block Design Naming                                                        ; Auto               ; Auto               ;
; SDC constraint protection                                                  ; Off                ; Off                ;
; Synthesis Effort                                                           ; Auto               ; Auto               ;
; Shift Register Replacement - Allow Asynchronous Clear Signal               ; On                 ; On                 ;
; Pre-Mapping Resynthesis Optimization                                       ; Off                ; Off                ;
; Analysis & Synthesis Message Level                                         ; Medium             ; Medium             ;
; Disable Register Merging Across Hierarchies                                ; Auto               ; Auto               ;
; Resource Aware Inference For Block RAM                                     ; On                 ; On                 ;
+----------------------------------------------------------------------------+--------------------+--------------------+


+------------------------------------------+
; Parallel Compilation                     ;
+----------------------------+-------------+
; Processors                 ; Number      ;
+----------------------------+-------------+
; Number detected on machine ; 4           ;
; Maximum allowed            ; 4           ;
;                            ;             ;
; Average used               ; 1.00        ;
; Maximum used               ; 1           ;
;                            ;             ;
; Usage by Processor         ; % Time Used ;
;     Processor 1            ; 100.0%      ;
+----------------------------+-------------+


+----------------------------------------------------------------------------------------------------------------------------------------------+
; Analysis & Synthesis Source Files Read                                                                                                       ;
+----------------------------------+-----------------+-----------------+-------------------------------------------------------------+---------+
; File Name with User-Entered Path ; Used in Netlist ; File Type       ; File Name with Absolute Path                                ; Library ;
+----------------------------------+-----------------+-----------------+-------------------------------------------------------------+---------+
; scalable_rca.vhd                 ; yes             ; User VHDL File  ; F:/New Schoolwork/Fall 2017/VHDL/ALU/alu/scalable_rca.vhd   ;         ;
; xor_struct.vhd                   ; yes             ; User VHDL File  ; F:/New Schoolwork/Fall 2017/VHDL/ALU/alu/xor_struct.vhd     ;         ;
; xor_gate_3i.vhd                  ; yes             ; User VHDL File  ; F:/New Schoolwork/Fall 2017/VHDL/ALU/alu/xor_gate_3i.vhd    ;         ;
; or_gate_3i.vhd                   ; yes             ; User VHDL File  ; F:/New Schoolwork/Fall 2017/VHDL/ALU/alu/or_gate_3i.vhd     ;         ;
; or_gate.vhd                      ; yes             ; User VHDL File  ; F:/New Schoolwork/Fall 2017/VHDL/ALU/alu/or_gate.vhd        ;         ;
; inverter.vhd                     ; yes             ; User VHDL File  ; F:/New Schoolwork/Fall 2017/VHDL/ALU/alu/inverter.vhd       ;         ;
; full_adder.vhd                   ; yes             ; User VHDL File  ; F:/New Schoolwork/Fall 2017/VHDL/ALU/alu/full_adder.vhd     ;         ;
; concurrent_ssd.vhd               ; yes             ; User VHDL File  ; F:/New Schoolwork/Fall 2017/VHDL/ALU/alu/concurrent_ssd.vhd ;         ;
; and_gate.vhd                     ; yes             ; User VHDL File  ; F:/New Schoolwork/Fall 2017/VHDL/ALU/alu/and_gate.vhd       ;         ;
; alu.vhd                          ; yes             ; User VHDL File  ; F:/New Schoolwork/Fall 2017/VHDL/ALU/alu/alu.vhd            ;         ;
; ssd_negs.vhd                     ; yes             ; User VHDL File  ; F:/New Schoolwork/Fall 2017/VHDL/ALU/alu/ssd_negs.vhd       ;         ;
+----------------------------------+-----------------+-----------------+-------------------------------------------------------------+---------+


+--------------------------------------------------------------+
; Analysis & Synthesis Resource Usage Summary                  ;
+---------------------------------------------+----------------+
; Resource                                    ; Usage          ;
+---------------------------------------------+----------------+
; Estimated Total logic elements              ; 69             ;
;                                             ;                ;
; Total combinational functions               ; 69             ;
; Logic element usage by number of LUT inputs ;                ;
;     -- 4 input functions                    ; 43             ;
;     -- 3 input functions                    ; 22             ;
;     -- <=2 input functions                  ; 4              ;
;                                             ;                ;
; Logic elements by mode                      ;                ;
;     -- normal mode                          ; 69             ;
;     -- arithmetic mode                      ; 0              ;
;                                             ;                ;
; Total registers                             ; 0              ;
;     -- Dedicated logic registers            ; 0              ;
;     -- I/O registers                        ; 0              ;
;                                             ;                ;
; I/O pins                                    ; 75             ;
;                                             ;                ;
; Embedded Multiplier 9-bit elements          ; 0              ;
;                                             ;                ;
; Maximum fan-out node                        ; A_BUS[3]~input ;
; Maximum fan-out                             ; 17             ;
; Total fan-out                               ; 360            ;
; Average fan-out                             ; 1.64           ;
+---------------------------------------------+----------------+


+------------------------------------------------------------------------------------------------------------------------------------------------------------------------------------------------------------------------------------------------------------------+
; Analysis & Synthesis Resource Utilization by Entity                                                                                                                                                                                                              ;
+----------------------------------+---------------------+---------------------------+-------------+--------------+---------+-----------+------+--------------+--------------------------------------------------------------------+----------------+--------------+
; Compilation Hierarchy Node       ; Combinational ALUTs ; Dedicated Logic Registers ; Memory Bits ; DSP Elements ; DSP 9x9 ; DSP 18x18 ; Pins ; Virtual Pins ; Full Hierarchy Name                                                ; Entity Name    ; Library Name ;
+----------------------------------+---------------------+---------------------------+-------------+--------------+---------+-----------+------+--------------+--------------------------------------------------------------------+----------------+--------------+
; |alu                             ; 69 (37)             ; 0 (0)                     ; 0           ; 0            ; 0       ; 0         ; 75   ; 0            ; |alu                                                               ; alu            ; work         ;
;    |concurrent_ssd:A_sevensegs|  ; 7 (7)               ; 0 (0)                     ; 0           ; 0            ; 0       ; 0         ; 0    ; 0            ; |alu|concurrent_ssd:A_sevensegs                                    ; concurrent_ssd ; work         ;
;    |concurrent_ssd:B_sevensegs|  ; 7 (7)               ; 0 (0)                     ; 0           ; 0            ; 0       ; 0         ; 0    ; 0            ; |alu|concurrent_ssd:B_sevensegs                                    ; concurrent_ssd ; work         ;
;    |concurrent_ssd:C_sevensegs|  ; 7 (7)               ; 0 (0)                     ; 0           ; 0            ; 0       ; 0         ; 0    ; 0            ; |alu|concurrent_ssd:C_sevensegs                                    ; concurrent_ssd ; work         ;
;    |scalable_rca:Addition|       ; 7 (0)               ; 0 (0)                     ; 0           ; 0            ; 0       ; 0         ; 0    ; 0            ; |alu|scalable_rca:Addition                                         ; scalable_rca   ; work         ;
;       |full_adder:\genloop:0:Ui| ; 3 (0)               ; 0 (0)                     ; 0           ; 0            ; 0       ; 0         ; 0    ; 0            ; |alu|scalable_rca:Addition|full_adder:\genloop:0:Ui                ; full_adder     ; work         ;
;          |or_gate_3i:U4|         ; 1 (1)               ; 0 (0)                     ; 0           ; 0            ; 0       ; 0         ; 0    ; 0            ; |alu|scalable_rca:Addition|full_adder:\genloop:0:Ui|or_gate_3i:U4  ; or_gate_3i     ; work         ;
;          |xor_gate_3i:U5|        ; 2 (2)               ; 0 (0)                     ; 0           ; 0            ; 0       ; 0         ; 0    ; 0            ; |alu|scalable_rca:Addition|full_adder:\genloop:0:Ui|xor_gate_3i:U5 ; xor_gate_3i    ; work         ;
;       |full_adder:\genloop:1:Ui| ; 2 (0)               ; 0 (0)                     ; 0           ; 0            ; 0       ; 0         ; 0    ; 0            ; |alu|scalable_rca:Addition|full_adder:\genloop:1:Ui                ; full_adder     ; work         ;
;          |or_gate_3i:U4|         ; 1 (1)               ; 0 (0)                     ; 0           ; 0            ; 0       ; 0         ; 0    ; 0            ; |alu|scalable_rca:Addition|full_adder:\genloop:1:Ui|or_gate_3i:U4  ; or_gate_3i     ; work         ;
;          |xor_gate_3i:U5|        ; 1 (1)               ; 0 (0)                     ; 0           ; 0            ; 0       ; 0         ; 0    ; 0            ; |alu|scalable_rca:Addition|full_adder:\genloop:1:Ui|xor_gate_3i:U5 ; xor_gate_3i    ; work         ;
;       |full_adder:\genloop:2:Ui| ; 1 (0)               ; 0 (0)                     ; 0           ; 0            ; 0       ; 0         ; 0    ; 0            ; |alu|scalable_rca:Addition|full_adder:\genloop:2:Ui                ; full_adder     ; work         ;
;          |or_gate_3i:U4|         ; 1 (1)               ; 0 (0)                     ; 0           ; 0            ; 0       ; 0         ; 0    ; 0            ; |alu|scalable_rca:Addition|full_adder:\genloop:2:Ui|or_gate_3i:U4  ; or_gate_3i     ; work         ;
;       |full_adder:\genloop:3:Ui| ; 1 (0)               ; 0 (0)                     ; 0           ; 0            ; 0       ; 0         ; 0    ; 0            ; |alu|scalable_rca:Addition|full_adder:\genloop:3:Ui                ; full_adder     ; work         ;
;          |or_gate_3i:U4|         ; 1 (1)               ; 0 (0)                     ; 0           ; 0            ; 0       ; 0         ; 0    ; 0            ; |alu|scalable_rca:Addition|full_adder:\genloop:3:Ui|or_gate_3i:U4  ; or_gate_3i     ; work         ;
;    |scalable_rca:Subtract|       ; 4 (0)               ; 0 (0)                     ; 0           ; 0            ; 0       ; 0         ; 0    ; 0            ; |alu|scalable_rca:Subtract                                         ; scalable_rca   ; work         ;
;       |full_adder:\genloop:1:Ui| ; 2 (0)               ; 0 (0)                     ; 0           ; 0            ; 0       ; 0         ; 0    ; 0            ; |alu|scalable_rca:Subtract|full_adder:\genloop:1:Ui                ; full_adder     ; work         ;
;          |or_gate_3i:U4|         ; 1 (1)               ; 0 (0)                     ; 0           ; 0            ; 0       ; 0         ; 0    ; 0            ; |alu|scalable_rca:Subtract|full_adder:\genloop:1:Ui|or_gate_3i:U4  ; or_gate_3i     ; work         ;
;          |xor_gate_3i:U5|        ; 1 (1)               ; 0 (0)                     ; 0           ; 0            ; 0       ; 0         ; 0    ; 0            ; |alu|scalable_rca:Subtract|full_adder:\genloop:1:Ui|xor_gate_3i:U5 ; xor_gate_3i    ; work         ;
;       |full_adder:\genloop:2:Ui| ; 1 (0)               ; 0 (0)                     ; 0           ; 0            ; 0       ; 0         ; 0    ; 0            ; |alu|scalable_rca:Subtract|full_adder:\genloop:2:Ui                ; full_adder     ; work         ;
;          |or_gate_3i:U4|         ; 1 (1)               ; 0 (0)                     ; 0           ; 0            ; 0       ; 0         ; 0    ; 0            ; |alu|scalable_rca:Subtract|full_adder:\genloop:2:Ui|or_gate_3i:U4  ; or_gate_3i     ; work         ;
;       |full_adder:\genloop:3:Ui| ; 1 (0)               ; 0 (0)                     ; 0           ; 0            ; 0       ; 0         ; 0    ; 0            ; |alu|scalable_rca:Subtract|full_adder:\genloop:3:Ui                ; full_adder     ; work         ;
;          |or_gate_3i:U4|         ; 1 (1)               ; 0 (0)                     ; 0           ; 0            ; 0       ; 0         ; 0    ; 0            ; |alu|scalable_rca:Subtract|full_adder:\genloop:3:Ui|or_gate_3i:U4  ; or_gate_3i     ; work         ;
+----------------------------------+---------------------+---------------------------+-------------+--------------+---------+-----------+------+--------------+--------------------------------------------------------------------+----------------+--------------+
Note: For table entries with two numbers listed, the numbers in parentheses indicate the number of resources of the given type used by the specific entity alone. The numbers listed outside of parentheses indicate the total resources of the given type used by the specific entity and all of its sub-entities in the hierarchy.


+------------------------------------------------------+
; General Register Statistics                          ;
+----------------------------------------------+-------+
; Statistic                                    ; Value ;
+----------------------------------------------+-------+
; Total registers                              ; 0     ;
; Number of registers using Synchronous Clear  ; 0     ;
; Number of registers using Synchronous Load   ; 0     ;
; Number of registers using Asynchronous Clear ; 0     ;
; Number of registers using Asynchronous Load  ; 0     ;
; Number of registers using Clock Enable       ; 0     ;
; Number of registers using Preset             ; 0     ;
+----------------------------------------------+-------+


+------------------------------------------------------------------------------------------------------------------------------------------+
; Multiplexer Restructuring Statistics (Restructuring Performed)                                                                           ;
+--------------------+-----------+---------------+----------------------+------------------------+------------+----------------------------+
; Multiplexer Inputs ; Bus Width ; Baseline Area ; Area if Restructured ; Saving if Restructured ; Registered ; Example Multiplexer Output ;
+--------------------+-----------+---------------+----------------------+------------------------+------------+----------------------------+
; 8:1                ; 2 bits    ; 10 LEs        ; 8 LEs                ; 2 LEs                  ; No         ; |alu|Mux3                  ;
+--------------------+-----------+---------------+----------------------+------------------------+------------+----------------------------+


+---------------------------------------------------------------------+
; Parameter Settings for User Entity Instance: Top-level Entity: |alu ;
+----------------+-------+--------------------------------------------+
; Parameter Name ; Value ; Type                                       ;
+----------------+-------+--------------------------------------------+
; N              ; 4     ; Signed Integer                             ;
+----------------+-------+--------------------------------------------+
Note: In order to hide this table in the UI and the text report file, please set the "Show Parameter Settings in Synthesis Report" option in "Analysis and Synthesis Settings -> More Settings" to "Off".


+--------------------------------------------------------------------+
; Parameter Settings for User Entity Instance: scalable_rca:Addition ;
+----------------+-------+-------------------------------------------+
; Parameter Name ; Value ; Type                                      ;
+----------------+-------+-------------------------------------------+
; n              ; 4     ; Signed Integer                            ;
+----------------+-------+-------------------------------------------+
Note: In order to hide this table in the UI and the text report file, please set the "Show Parameter Settings in Synthesis Report" option in "Analysis and Synthesis Settings -> More Settings" to "Off".


+--------------------------------------------------------------------+
; Parameter Settings for User Entity Instance: scalable_rca:Subtract ;
+----------------+-------+-------------------------------------------+
; Parameter Name ; Value ; Type                                      ;
+----------------+-------+-------------------------------------------+
; n              ; 4     ; Signed Integer                            ;
+----------------+-------+-------------------------------------------+
Note: In order to hide this table in the UI and the text report file, please set the "Show Parameter Settings in Synthesis Report" option in "Analysis and Synthesis Settings -> More Settings" to "Off".


+---------------------------------------------------+
; Port Connectivity Checks: "scalable_rca:Subtract" ;
+------+-------+----------+-------------------------+
; Port ; Type  ; Severity ; Details                 ;
+------+-------+----------+-------------------------+
; c0   ; Input ; Info     ; Stuck at GND            ;
+------+-------+----------+-------------------------+


+-----------------------------------------------------+
; Post-Synthesis Netlist Statistics for Top Partition ;
+-----------------------+-----------------------------+
; Type                  ; Count                       ;
+-----------------------+-----------------------------+
; boundary_port         ; 75                          ;
; cycloneiii_lcell_comb ; 77                          ;
;     normal            ; 77                          ;
;         0 data inputs ; 2                           ;
;         1 data inputs ; 6                           ;
;         2 data inputs ; 4                           ;
;         3 data inputs ; 22                          ;
;         4 data inputs ; 43                          ;
;                       ;                             ;
; Max LUT depth         ; 8.00                        ;
; Average LUT depth     ; 5.29                        ;
+-----------------------+-----------------------------+


+-------------------------------+
; Elapsed Time Per Partition    ;
+----------------+--------------+
; Partition Name ; Elapsed Time ;
+----------------+--------------+
; Top            ; 00:00:01     ;
+----------------+--------------+


+-------------------------------+
; Analysis & Synthesis Messages ;
+-------------------------------+
Info: *******************************************************************
Info: Running Quartus Prime Analysis & Synthesis
    Info: Version 17.0.0 Build 595 04/25/2017 SJ Lite Edition
    Info: Processing started: Tue Oct 24 18:57:14 2017
Info: Command: quartus_map --read_settings_files=on --write_settings_files=off alu -c alu
Warning (18236): Number of processors has not been specified which may cause overloading on shared machines.  Set the global assignment NUM_PARALLEL_PROCESSORS in your QSF to an appropriate value for best performance.
Info (20030): Parallel compilation is enabled and will use 4 of the 4 processors detected
Info (12021): Found 2 design units, including 1 entities, in source file scalable_rca.vhd
    Info (12022): Found design unit 1: scalable_rca-scalable_rca_arch File: F:/New Schoolwork/Fall 2017/VHDL/ALU/alu/scalable_rca.vhd Line: 13
    Info (12023): Found entity 1: scalable_rca File: F:/New Schoolwork/Fall 2017/VHDL/ALU/alu/scalable_rca.vhd Line: 5
Info (12021): Found 2 design units, including 1 entities, in source file xor_struct.vhd
    Info (12022): Found design unit 1: xor_struct-xor_struct_arch File: F:/New Schoolwork/Fall 2017/VHDL/ALU/alu/xor_struct.vhd Line: 10
    Info (12023): Found entity 1: xor_struct File: F:/New Schoolwork/Fall 2017/VHDL/ALU/alu/xor_struct.vhd Line: 4
Info (12021): Found 2 design units, including 1 entities, in source file xor_gate_3i.vhd
    Info (12022): Found design unit 1: xor_gate_3i-xor_gate_3i_arch File: F:/New Schoolwork/Fall 2017/VHDL/ALU/alu/xor_gate_3i.vhd Line: 10
    Info (12023): Found entity 1: xor_gate_3i File: F:/New Schoolwork/Fall 2017/VHDL/ALU/alu/xor_gate_3i.vhd Line: 4
Info (12021): Found 2 design units, including 1 entities, in source file or_gate_3i.vhd
    Info (12022): Found design unit 1: or_gate_3i-or_gate_3i_arch File: F:/New Schoolwork/Fall 2017/VHDL/ALU/alu/or_gate_3i.vhd Line: 10
    Info (12023): Found entity 1: or_gate_3i File: F:/New Schoolwork/Fall 2017/VHDL/ALU/alu/or_gate_3i.vhd Line: 4
Info (12021): Found 2 design units, including 1 entities, in source file or_gate.vhd
    Info (12022): Found design unit 1: or_gate-or_gate_arch File: F:/New Schoolwork/Fall 2017/VHDL/ALU/alu/or_gate.vhd Line: 10
    Info (12023): Found entity 1: or_gate File: F:/New Schoolwork/Fall 2017/VHDL/ALU/alu/or_gate.vhd Line: 4
Info (12021): Found 2 design units, including 1 entities, in source file inverter.vhd
    Info (12022): Found design unit 1: inverter-inverter_arch File: F:/New Schoolwork/Fall 2017/VHDL/ALU/alu/inverter.vhd Line: 10
    Info (12023): Found entity 1: inverter File: F:/New Schoolwork/Fall 2017/VHDL/ALU/alu/inverter.vhd Line: 4
Info (12021): Found 2 design units, including 1 entities, in source file full_adder.vhd
    Info (12022): Found design unit 1: full_adder-full_adder_arch File: F:/New Schoolwork/Fall 2017/VHDL/ALU/alu/full_adder.vhd Line: 11
    Info (12023): Found entity 1: full_adder File: F:/New Schoolwork/Fall 2017/VHDL/ALU/alu/full_adder.vhd Line: 4
Info (12021): Found 2 design units, including 1 entities, in source file concurrent_ssd.vhd
    Info (12022): Found design unit 1: concurrent_ssd-concurrent_ssd_arch File: F:/New Schoolwork/Fall 2017/VHDL/ALU/alu/concurrent_ssd.vhd Line: 11
    Info (12023): Found entity 1: concurrent_ssd File: F:/New Schoolwork/Fall 2017/VHDL/ALU/alu/concurrent_ssd.vhd Line: 5
Info (12021): Found 2 design units, including 1 entities, in source file and_gate.vhd
    Info (12022): Found design unit 1: and_gate-and_gate_arch File: F:/New Schoolwork/Fall 2017/VHDL/ALU/alu/and_gate.vhd Line: 10
    Info (12023): Found entity 1: and_gate File: F:/New Schoolwork/Fall 2017/VHDL/ALU/alu/and_gate.vhd Line: 4
Info (12021): Found 2 design units, including 1 entities, in source file alu.vhd
    Info (12022): Found design unit 1: alu-alu_arch File: F:/New Schoolwork/Fall 2017/VHDL/ALU/alu/alu.vhd Line: 27
    Info (12023): Found entity 1: alu File: F:/New Schoolwork/Fall 2017/VHDL/ALU/alu/alu.vhd Line: 9
Info (12021): Found 2 design units, including 1 entities, in source file alu_tb.vhd
    Info (12022): Found design unit 1: alu_tb-alu_tb_arch File: F:/New Schoolwork/Fall 2017/VHDL/ALU/alu/alu_tb.vhd Line: 8
    Info (12023): Found entity 1: alu_tb File: F:/New Schoolwork/Fall 2017/VHDL/ALU/alu/alu_tb.vhd Line: 5
Info (12021): Found 2 design units, including 1 entities, in source file ssd_negs.vhd
    Info (12022): Found design unit 1: ssd_negs-ssd_negs_arch File: F:/New Schoolwork/Fall 2017/VHDL/ALU/alu/ssd_negs.vhd Line: 11
    Info (12023): Found entity 1: ssd_negs File: F:/New Schoolwork/Fall 2017/VHDL/ALU/alu/ssd_negs.vhd Line: 5
Info (12127): Elaborating entity "alu" for the top level hierarchy
Info (10041): Inferred latch for "B_BUS_Cmpl[0]" at alu.vhd(86) File: F:/New Schoolwork/Fall 2017/VHDL/ALU/alu/alu.vhd Line: 86
Info (10041): Inferred latch for "B_BUS_Cmpl[1]" at alu.vhd(86) File: F:/New Schoolwork/Fall 2017/VHDL/ALU/alu/alu.vhd Line: 86
Info (10041): Inferred latch for "B_BUS_Cmpl[2]" at alu.vhd(86) File: F:/New Schoolwork/Fall 2017/VHDL/ALU/alu/alu.vhd Line: 86
Info (10041): Inferred latch for "B_BUS_Cmpl[3]" at alu.vhd(86) File: F:/New Schoolwork/Fall 2017/VHDL/ALU/alu/alu.vhd Line: 86
Info (12128): Elaborating entity "scalable_rca" for hierarchy "scalable_rca:Addition" File: F:/New Schoolwork/Fall 2017/VHDL/ALU/alu/alu.vhd Line: 90
Info (12128): Elaborating entity "full_adder" for hierarchy "scalable_rca:Addition|full_adder:\genloop:0:Ui" File: F:/New Schoolwork/Fall 2017/VHDL/ALU/alu/scalable_rca.vhd Line: 44
Info (12128): Elaborating entity "and_gate" for hierarchy "scalable_rca:Addition|full_adder:\genloop:0:Ui|and_gate:U1" File: F:/New Schoolwork/Fall 2017/VHDL/ALU/alu/full_adder.vhd Line: 27
Info (12128): Elaborating entity "or_gate_3i" for hierarchy "scalable_rca:Addition|full_adder:\genloop:0:Ui|or_gate_3i:U4" File: F:/New Schoolwork/Fall 2017/VHDL/ALU/alu/full_adder.vhd Line: 30
Info (12128): Elaborating entity "xor_gate_3i" for hierarchy "scalable_rca:Addition|full_adder:\genloop:0:Ui|xor_gate_3i:U5" File: F:/New Schoolwork/Fall 2017/VHDL/ALU/alu/full_adder.vhd Line: 31
Info (12128): Elaborating entity "xor_struct" for hierarchy "scalable_rca:Addition|xor_struct:U5" File: F:/New Schoolwork/Fall 2017/VHDL/ALU/alu/scalable_rca.vhd Line: 47
Info (12128): Elaborating entity "inverter" for hierarchy "scalable_rca:Addition|xor_struct:U5|inverter:U1" File: F:/New Schoolwork/Fall 2017/VHDL/ALU/alu/xor_struct.vhd Line: 36
Info (12128): Elaborating entity "or_gate" for hierarchy "scalable_rca:Addition|xor_struct:U5|or_gate:U5" File: F:/New Schoolwork/Fall 2017/VHDL/ALU/alu/xor_struct.vhd Line: 40
Info (12128): Elaborating entity "concurrent_ssd" for hierarchy "concurrent_ssd:A_sevensegs" File: F:/New Schoolwork/Fall 2017/VHDL/ALU/alu/alu.vhd Line: 133
Info (12128): Elaborating entity "ssd_negs" for hierarchy "ssd_negs:A_negsegs" File: F:/New Schoolwork/Fall 2017/VHDL/ALU/alu/alu.vhd Line: 137
Warning (13024): Output pins are stuck at VCC or GND
    Warning (13410): Pin "A_NEG[5]" is stuck at VCC File: F:/New Schoolwork/Fall 2017/VHDL/ALU/alu/alu.vhd Line: 17
    Warning (13410): Pin "A_NEG[4]" is stuck at VCC File: F:/New Schoolwork/Fall 2017/VHDL/ALU/alu/alu.vhd Line: 17
    Warning (13410): Pin "A_NEG[3]" is stuck at VCC File: F:/New Schoolwork/Fall 2017/VHDL/ALU/alu/alu.vhd Line: 17
    Warning (13410): Pin "A_NEG[2]" is stuck at VCC File: F:/New Schoolwork/Fall 2017/VHDL/ALU/alu/alu.vhd Line: 17
    Warning (13410): Pin "A_NEG[1]" is stuck at VCC File: F:/New Schoolwork/Fall 2017/VHDL/ALU/alu/alu.vhd Line: 17
    Warning (13410): Pin "A_NEG[0]" is stuck at VCC File: F:/New Schoolwork/Fall 2017/VHDL/ALU/alu/alu.vhd Line: 17
    Warning (13410): Pin "B_NEG[5]" is stuck at VCC File: F:/New Schoolwork/Fall 2017/VHDL/ALU/alu/alu.vhd Line: 17
    Warning (13410): Pin "B_NEG[4]" is stuck at VCC File: F:/New Schoolwork/Fall 2017/VHDL/ALU/alu/alu.vhd Line: 17
    Warning (13410): Pin "B_NEG[3]" is stuck at VCC File: F:/New Schoolwork/Fall 2017/VHDL/ALU/alu/alu.vhd Line: 17
    Warning (13410): Pin "B_NEG[2]" is stuck at VCC File: F:/New Schoolwork/Fall 2017/VHDL/ALU/alu/alu.vhd Line: 17
    Warning (13410): Pin "B_NEG[1]" is stuck at VCC File: F:/New Schoolwork/Fall 2017/VHDL/ALU/alu/alu.vhd Line: 17
    Warning (13410): Pin "B_NEG[0]" is stuck at VCC File: F:/New Schoolwork/Fall 2017/VHDL/ALU/alu/alu.vhd Line: 17
    Warning (13410): Pin "C_NEG[5]" is stuck at VCC File: F:/New Schoolwork/Fall 2017/VHDL/ALU/alu/alu.vhd Line: 17
    Warning (13410): Pin "C_NEG[4]" is stuck at VCC File: F:/New Schoolwork/Fall 2017/VHDL/ALU/alu/alu.vhd Line: 17
    Warning (13410): Pin "C_NEG[3]" is stuck at VCC File: F:/New Schoolwork/Fall 2017/VHDL/ALU/alu/alu.vhd Line: 17
    Warning (13410): Pin "C_NEG[2]" is stuck at VCC File: F:/New Schoolwork/Fall 2017/VHDL/ALU/alu/alu.vhd Line: 17
    Warning (13410): Pin "C_NEG[1]" is stuck at VCC File: F:/New Schoolwork/Fall 2017/VHDL/ALU/alu/alu.vhd Line: 17
    Warning (13410): Pin "C_NEG[0]" is stuck at VCC File: F:/New Schoolwork/Fall 2017/VHDL/ALU/alu/alu.vhd Line: 17
    Warning (13410): Pin "OV_SEG[6]" is stuck at VCC File: F:/New Schoolwork/Fall 2017/VHDL/ALU/alu/alu.vhd Line: 18
    Warning (13410): Pin "OV_SEG[2]" is stuck at GND File: F:/New Schoolwork/Fall 2017/VHDL/ALU/alu/alu.vhd Line: 18
    Warning (13410): Pin "OV_SEG[1]" is stuck at GND File: F:/New Schoolwork/Fall 2017/VHDL/ALU/alu/alu.vhd Line: 18
    Warning (13410): Pin "CBout_SEG[6]" is stuck at VCC File: F:/New Schoolwork/Fall 2017/VHDL/ALU/alu/alu.vhd Line: 19
    Warning (13410): Pin "CBout_SEG[2]" is stuck at GND File: F:/New Schoolwork/Fall 2017/VHDL/ALU/alu/alu.vhd Line: 19
    Warning (13410): Pin "CBout_SEG[1]" is stuck at GND File: F:/New Schoolwork/Fall 2017/VHDL/ALU/alu/alu.vhd Line: 19
Info (286030): Timing-Driven Synthesis is running
Info (16010): Generating hard_block partition "hard_block:auto_generated_inst"
    Info (16011): Adding 0 node(s), including 0 DDIO, 0 PLL, 0 transceiver and 0 LCELL
Info (21057): Implemented 144 device resources after synthesis - the final resource count might be different
    Info (21058): Implemented 12 input pins
    Info (21059): Implemented 63 output pins
    Info (21061): Implemented 69 logic cells
Info: Quartus Prime Analysis & Synthesis was successful. 0 errors, 26 warnings
    Info: Peak virtual memory: 679 megabytes
    Info: Processing ended: Tue Oct 24 18:57:28 2017
    Info: Elapsed time: 00:00:14
    Info: Total CPU time (on all processors): 00:00:23


